<?xml version="1.0" encoding="utf-8"?><testsuites name="pytest tests"><testsuite name="pytest" errors="0" failures="0" skipped="0" tests="15" time="8.867" timestamp="2026-09-11T02:27:04.942881+00:00" hostname="agent-env-56bd6938-65c8-475e-a96d-33bdc5ec1d52"><testcase classname="tests.backend_test.TestAdminAuth" name="test_login_ok" time="2.238" /><testcase classname="tests.backend_test.TestLeaves" name="test_create_leave_default_pending" time="2.432" /><testcase classname="tests.backend_test.TestAdminAuth" name="test_login_wrong_pin" time="0.407" /><testcase classname="tests.backend_test.TestEmployees" name="test_list_seed" time="0.396" /><testcase classname="tests.backend_test.TestLeaves" name="test_create_leave_invalid_employee" time="0.668" /><testcase classname="tests.backend_test.TestEmployees" name="test_create_delete_persistence" time="2.088" /><testcase classname="tests.backend_test.TestLeaves" name="test_admin_leave_approved_direct" time="0.706" /><testcase classname="tests.backend_test.TestLeaves" name="test_filter_by_status_and_employee" time="1.141" /><testcase classname="tests.backend_test.TestActivities" name="test_list" time="0.402" /><testcase classname="tests.backend_test.TestActivityLogs" name="test_create_and_approve" time="1.715" /><testcase classname="tests.backend_test.TestActivities" name="test_create_delete" time="2.247" /><testcase classname="tests.backend_test.TestActivityLogs" name="test_invalid_employee" time="1.422" /><testcase classname="tests.backend_test.TestPending" name="test_pending_shape" time="0.415" /><testcase classname="tests.backend_test.TestReports" name="test_absences_shape" time="0.231" /><testcase classname="tests.backend_test.TestReports" name="test_activities_shape" time="0.237" /></testsuite></testsuites>