<?xml version="1.0" encoding="utf-8"?><testsuites name="pytest tests"><testsuite name="pytest" errors="0" failures="0" skipped="0" tests="23" time="7.060" timestamp="2026-09-11T03:10:22.986856+00:00" hostname="agent-env-56bd6938-65c8-475e-a96d-33bdc5ec1d52"><testcase classname="tests.backend_test.TestPinAuth" name="test_employee_login_ok" time="0.490" /><testcase classname="tests.backend_test.TestLeaves" name="test_create_leave_default_pending" time="0.956" /><testcase classname="tests.backend_test.TestPinAuth" name="test_employee_login_wrong_pin" time="0.377" /><testcase classname="tests.backend_test.TestPinAuth" name="test_pin_too_short_422" time="0.082" /><testcase classname="tests.backend_test.TestPinAuth" name="test_employees_list_no_pin_hash" time="0.079" /><testcase classname="tests.backend_test.TestPinAuth" name="test_change_admin_pin_wrong_current_401" time="0.302" /><testcase classname="tests.backend_test.TestLeaves" name="test_create_leave_invalid_employee" time="0.158" /><testcase classname="tests.backend_test.TestPinAuth" name="test_reset_employee_pin_wrong_admin_401" time="0.379" /><testcase classname="tests.backend_test.TestLeaves" name="test_admin_leave_approved_direct" time="0.606" /><testcase classname="tests.backend_test.TestPinAuth" name="test_reset_employee_pin_roundtrip" time="2.690" /><testcase classname="tests.backend_test.TestLeaves" name="test_filter_by_status_and_employee" time="0.682" /><testcase classname="tests.backend_test.TestAdminAuth" name="test_login_ok" time="0.448" /><testcase classname="tests.backend_test.TestAdminAuth" name="test_login_wrong_pin" time="0.447" /><testcase classname="tests.backend_test.TestAdminAuth" name="test_change_admin_pin_roundtrip" time="2.605" /><testcase classname="tests.backend_test.TestEmployees" name="test_list_seed" time="0.222" /><testcase classname="tests.backend_test.TestEmployees" name="test_create_delete_persistence" time="1.362" /><testcase classname="tests.backend_test.TestActivities" name="test_list" time="0.085" /><testcase classname="tests.backend_test.TestActivities" name="test_create_delete" time="0.359" /><testcase classname="tests.backend_test.TestActivityLogs" name="test_create_and_approve" time="0.506" /><testcase classname="tests.backend_test.TestReports" name="test_absences_shape" time="0.084" /><testcase classname="tests.backend_test.TestReports" name="test_activities_shape" time="0.083" /><testcase classname="tests.backend_test.TestActivityLogs" name="test_invalid_employee" time="0.166" /><testcase classname="tests.backend_test.TestPending" name="test_pending_shape" time="0.083" /></testsuite></testsuites>